Running: E:\Xlinx\14.7\ISE_DS\ISE\bin\nt64\unwrapped\fuse.exe -intstyle ise -incremental -lib unisims_ver -lib unimacro_ver -lib xilinxcorelib_ver -lib secureip -o F:/Desktop/FPGA/Fourth_experiment/Fourth_experiment_test_isim_beh.exe -prj F:/Desktop/FPGA/Fourth_experiment/Fourth_experiment_test_beh.prj work.Fourth_experiment_test work.glbl 
ISim P.20131013 (signature 0x7708f090)
Number of CPUs detected in this system: 8
Turning on mult-threading, number of parallel sub-compilation jobs: 16 
Determining compilation order of HDL files
Analyzing Verilog file "F:/Desktop/FPGA/Fourth_experiment/Fourth_experiment_first.v" into library work
Analyzing Verilog file "F:/Desktop/FPGA/Fourth_experiment/RegisterFile.v" into library work
Analyzing Verilog file "F:/Desktop/FPGA/Fourth_experiment/Fourth_experiment_test.v" into library work
Analyzing Verilog file "E:/Xlinx/14.7/ISE_DS/ISE//verilog/src/glbl.v" into library work
Starting static elaboration
Completed static elaboration
Compiling module Fourth_experiment_first
Compiling module RegisterFile
Compiling module Fourth_experiment_test
Compiling module glbl
Time Resolution for simulation is 1ps.
Waiting for 1 sub-compilation(s) to finish...
Compiled 4 Verilog Units
Built simulation executable F:/Desktop/FPGA/Fourth_experiment/Fourth_experiment_test_isim_beh.exe
Fuse Memory Usage: 27952 KB
Fuse CPU Usage: 405 ms
